{"meta": {"version": "7.2.7", "timestamp": "2023-06-30T14:09:26.393154", "branch_coverage": false, "show_contexts": false}, "files": {"drf_api_actions/__init__.py": {"executed_lines": [0], "summary": {"covered_lines": 0, "num_statements": 0, "percent_covered": 100.0, "percent_covered_display": "100", "missing_lines": 0, "excluded_lines": 0}, "missing_lines": [], "excluded_lines": []}, "drf_api_actions/decorators.py": {"executed_lines": [1, 2, 4, 5, 8, 53, 54, 56, 58, 59, 60, 62, 63, 64, 65, 66, 67, 68, 70, 71, 72, 77, 80, 82, 83, 84, 85, 86, 87, 89, 90, 92, 98], "summary": {"covered_lines": 33, "num_statements": 38, "percent_covered": 86.84210526315789, "percent_covered_display": "87", "missing_lines": 5, "excluded_lines": 0}, "missing_lines": [73, 74, 75, 76, 78], "excluded_lines": []}, "drf_api_actions/exceptions.py": {"executed_lines": [1, 2], "summary": {"covered_lines": 2, "num_statements": 2, "percent_covered": 100.0, "percent_covered_display": "100", "missing_lines": 0, "excluded_lines": 0}, "missing_lines": [], "excluded_lines": []}, "drf_api_actions/mixins.py": {"executed_lines": [1, 2, 5, 6, 9, 11, 12, 15, 17, 19, 20], "summary": {"covered_lines": 10, "num_statements": 11, "percent_covered": 90.9090909090909, "percent_covered_display": "91", "missing_lines": 1, "excluded_lines": 0}, "missing_lines": [14], "excluded_lines": []}, "drf_api_actions/utils.py": {"executed_lines": [1, 4, 5, 9, 10, 11, 13, 14, 17, 23, 24, 25, 26, 27], "summary": {"covered_lines": 13, "num_statements": 13, "percent_covered": 100.0, "percent_covered_display": "100", "missing_lines": 0, "excluded_lines": 0}, "missing_lines": [], "excluded_lines": []}, "tests/__init__.py": {"executed_lines": [0], "summary": {"covered_lines": 0, "num_statements": 0, "percent_covered": 100.0, "percent_covered_display": "100", "missing_lines": 0, "excluded_lines": 0}, "missing_lines": [], "excluded_lines": []}, "tests/functionality_tests/__init__.py": {"executed_lines": [0], "summary": {"covered_lines": 0, "num_statements": 0, "percent_covered": 100.0, "percent_covered_display": "100", "missing_lines": 0, "excluded_lines": 0}, "missing_lines": [], "excluded_lines": []}, "tests/functionality_tests/test_as_api.py": {"executed_lines": [1, 2, 4, 5, 6, 8, 11, 12, 13, 14, 15, 17, 18, 21, 22, 23, 24, 25, 26, 27, 30, 31, 33, 34, 35, 37, 38, 41, 42, 44, 45, 46, 47, 48, 51, 52, 54, 55, 56, 57, 59, 60, 62, 63, 65, 66, 67], "summary": {"covered_lines": 47, "num_statements": 47, "percent_covered": 100.0, "percent_covered_display": "100", "missing_lines": 0, "excluded_lines": 0}, "missing_lines": [], "excluded_lines": []}, "tests/test_app/__init__.py": {"executed_lines": [0], "summary": {"covered_lines": 0, "num_statements": 0, "percent_covered": 100.0, "percent_covered_display": "100", "missing_lines": 0, "excluded_lines": 0}, "missing_lines": [], "excluded_lines": []}, "tests/test_app/models.py": {"executed_lines": [1, 4, 5], "summary": {"covered_lines": 3, "num_statements": 3, "percent_covered": 100.0, "percent_covered_display": "100", "missing_lines": 0, "excluded_lines": 0}, "missing_lines": [], "excluded_lines": []}, "tests/test_app/settings.py": {"executed_lines": [1, 4, 6, 8, 10, 12, 26, 37, 44, 46, 63, 65], "summary": {"covered_lines": 12, "num_statements": 12, "percent_covered": 100.0, "percent_covered_display": "100", "missing_lines": 0, "excluded_lines": 0}, "missing_lines": [], "excluded_lines": []}, "tests/test_app/urls.py": {"executed_lines": [1, 4, 5, 7, 8, 9, 11], "summary": {"covered_lines": 6, "num_statements": 6, "percent_covered": 100.0, "percent_covered_display": "100", "missing_lines": 0, "excluded_lines": 0}, "missing_lines": [], "excluded_lines": []}, "tests/test_app/views.py": {"executed_lines": [1, 2, 3, 4, 5, 6, 7, 10, 11, 13, 14, 15, 18, 19, 20, 22, 23, 24, 27, 28, 29, 31, 32, 37, 38, 39, 41, 48, 49, 50, 51, 53, 54, 55, 56, 57, 58, 59], "summary": {"covered_lines": 38, "num_statements": 41, "percent_covered": 92.6829268292683, "percent_covered_display": "93", "missing_lines": 3, "excluded_lines": 0}, "missing_lines": [33, 34, 42], "excluded_lines": []}}, "totals": {"covered_lines": 164, "num_statements": 173, "percent_covered": 94.79768786127168, "percent_covered_display": "95", "missing_lines": 9, "excluded_lines": 0}}