{"meta": {"version": "7.2.7", "timestamp": "2023-06-23T06:57:16.215944", "branch_coverage": false, "show_contexts": false}, "files": {"drf_api_actions/__init__.py": {"executed_lines": [0], "summary": {"covered_lines": 0, "num_statements": 0, "percent_covered": 100.0, "percent_covered_display": "100", "missing_lines": 0, "excluded_lines": 0}, "missing_lines": [], "excluded_lines": []}, "drf_api_actions/decorators.py": {"executed_lines": [1, 2, 4, 7, 46, 47, 49, 51, 52, 53, 55, 56, 57, 58, 59, 60, 61, 63, 64, 65, 70, 73, 75, 76, 77, 78, 80, 81, 83, 89], "summary": {"covered_lines": 30, "num_statements": 35, "percent_covered": 85.71428571428571, "percent_covered_display": "86", "missing_lines": 5, "excluded_lines": 0}, "missing_lines": [66, 67, 68, 69, 71], "excluded_lines": []}, "drf_api_actions/mixins.py": {"executed_lines": [1, 2, 5, 6, 9, 10, 13, 15, 17, 18], "summary": {"covered_lines": 9, "num_statements": 10, "percent_covered": 90.0, "percent_covered_display": "90", "missing_lines": 1, "excluded_lines": 0}, "missing_lines": [12], "excluded_lines": []}, "drf_api_actions/utils.py": {"executed_lines": [1, 4, 5, 9, 10, 11, 13, 14, 17, 23, 24, 25, 26, 27], "summary": {"covered_lines": 13, "num_statements": 13, "percent_covered": 100.0, "percent_covered_display": "100", "missing_lines": 0, "excluded_lines": 0}, "missing_lines": [], "excluded_lines": []}, "tests/__init__.py": {"executed_lines": [0], "summary": {"covered_lines": 0, "num_statements": 0, "percent_covered": 100.0, "percent_covered_display": "100", "missing_lines": 0, "excluded_lines": 0}, "missing_lines": [], "excluded_lines": []}, "tests/functionality_tests/__init__.py": {"executed_lines": [0], "summary": {"covered_lines": 0, "num_statements": 0, "percent_covered": 100.0, "percent_covered_display": "100", "missing_lines": 0, "excluded_lines": 0}, "missing_lines": [], "excluded_lines": []}, "tests/functionality_tests/test_as_api.py": {"executed_lines": [1, 2, 3, 5, 8, 9, 10, 11, 12, 14, 15, 18, 19, 21, 22, 23, 25, 26, 29, 30, 32, 33, 34, 35, 36, 39, 40, 42, 43, 44, 45, 47, 48, 50, 51, 53, 54, 55], "summary": {"covered_lines": 38, "num_statements": 38, "percent_covered": 100.0, "percent_covered_display": "100", "missing_lines": 0, "excluded_lines": 0}, "missing_lines": [], "excluded_lines": []}, "tests/test_app/__init__.py": {"executed_lines": [0], "summary": {"covered_lines": 0, "num_statements": 0, "percent_covered": 100.0, "percent_covered_display": "100", "missing_lines": 0, "excluded_lines": 0}, "missing_lines": [], "excluded_lines": []}, "tests/test_app/models.py": {"executed_lines": [1, 4, 5], "summary": {"covered_lines": 3, "num_statements": 3, "percent_covered": 100.0, "percent_covered_display": "100", "missing_lines": 0, "excluded_lines": 0}, "missing_lines": [], "excluded_lines": []}, "tests/test_app/settings.py": {"executed_lines": [1, 4, 6, 8, 10, 12, 26, 37, 44, 46, 63, 65], "summary": {"covered_lines": 12, "num_statements": 12, "percent_covered": 100.0, "percent_covered_display": "100", "missing_lines": 0, "excluded_lines": 0}, "missing_lines": [], "excluded_lines": []}, "tests/test_app/urls.py": {"executed_lines": [1, 4, 5, 7, 8, 9, 11], "summary": {"covered_lines": 6, "num_statements": 6, "percent_covered": 100.0, "percent_covered_display": "100", "missing_lines": 0, "excluded_lines": 0}, "missing_lines": [], "excluded_lines": []}, "tests/test_app/views.py": {"executed_lines": [1, 2, 3, 4, 5, 6, 7, 10, 11, 13, 14, 15, 18, 19, 20, 22, 23, 24, 27, 28, 29, 32, 33, 34, 36, 43, 44, 45, 46, 48, 49, 50, 51, 52, 53, 54], "summary": {"covered_lines": 36, "num_statements": 37, "percent_covered": 97.29729729729729, "percent_covered_display": "97", "missing_lines": 1, "excluded_lines": 0}, "missing_lines": [37], "excluded_lines": []}}, "totals": {"covered_lines": 147, "num_statements": 154, "percent_covered": 95.45454545454545, "percent_covered_display": "95", "missing_lines": 7, "excluded_lines": 0}}