{"meta": {"version": "7.2.7", "timestamp": "2023-11-30T09:29:43.013145", "branch_coverage": false, "show_contexts": false}, "files": {"drf_api_action/__init__.py": {"executed_lines": [1], "summary": {"covered_lines": 0, "num_statements": 0, "percent_covered": 100.0, "percent_covered_display": "100", "missing_lines": 0, "excluded_lines": 0}, "missing_lines": [], "excluded_lines": []}, "drf_api_action/decorators.py": {"executed_lines": [1, 3, 4, 7, 52, 53, 55, 57, 58, 59, 61, 62, 63, 64, 65, 66, 67, 69, 70, 71, 74, 75, 76, 78, 79, 81, 84, 86, 88, 89, 90, 91, 92, 93, 95, 96, 98, 104], "summary": {"covered_lines": 38, "num_statements": 39, "percent_covered": 97.43589743589743, "percent_covered_display": "97", "missing_lines": 1, "excluded_lines": 0}, "missing_lines": [72], "excluded_lines": []}, "drf_api_action/exceptions.py": {"executed_lines": [1, 2, 5, 6, 7, 8, 9, 10], "summary": {"covered_lines": 8, "num_statements": 8, "percent_covered": 100.0, "percent_covered_display": "100", "missing_lines": 0, "excluded_lines": 0}, "missing_lines": [], "excluded_lines": []}, "drf_api_action/mixins.py": {"executed_lines": [1, 2, 5, 6, 9, 11, 12, 15, 17, 19, 20], "summary": {"covered_lines": 10, "num_statements": 11, "percent_covered": 90.9090909090909, "percent_covered_display": "91", "missing_lines": 1, "excluded_lines": 0}, "missing_lines": [14], "excluded_lines": []}, "drf_api_action/utils.py": {"executed_lines": [1, 4, 5, 9, 10, 11, 13, 14, 17, 23, 24, 25, 26, 27, 30, 41], "summary": {"covered_lines": 15, "num_statements": 21, "percent_covered": 71.42857142857143, "percent_covered_display": "71", "missing_lines": 6, "excluded_lines": 0}, "missing_lines": [36, 37, 38, 47, 48, 49], "excluded_lines": []}, "tests/__init__.py": {"executed_lines": [1], "summary": {"covered_lines": 0, "num_statements": 0, "percent_covered": 100.0, "percent_covered_display": "100", "missing_lines": 0, "excluded_lines": 0}, "missing_lines": [], "excluded_lines": []}, "tests/functionality_tests/__init__.py": {"executed_lines": [1], "summary": {"covered_lines": 0, "num_statements": 0, "percent_covered": 100.0, "percent_covered_display": "100", "missing_lines": 0, "excluded_lines": 0}, "missing_lines": [], "excluded_lines": []}, "tests/functionality_tests/test_as_api.py": {"executed_lines": [1, 2, 3, 5, 6, 7, 9, 12, 13, 14, 15, 16, 18, 19, 22, 23, 24, 25, 26, 27, 28, 31, 32, 34, 35, 36, 38, 39, 42, 43, 45, 46, 47, 48, 49, 52, 53, 55, 56, 57, 58, 60, 61, 63, 64, 66, 67, 68, 71, 72, 74, 75, 76, 77, 78], "summary": {"covered_lines": 55, "num_statements": 55, "percent_covered": 100.0, "percent_covered_display": "100", "missing_lines": 0, "excluded_lines": 0}, "missing_lines": [], "excluded_lines": []}, "tests/test_app/__init__.py": {"executed_lines": [1], "summary": {"covered_lines": 0, "num_statements": 0, "percent_covered": 100.0, "percent_covered_display": "100", "missing_lines": 0, "excluded_lines": 0}, "missing_lines": [], "excluded_lines": []}, "tests/test_app/migrations/0001_initial.py": {"executed_lines": [3, 6, 8, 10, 13], "summary": {"covered_lines": 5, "num_statements": 5, "percent_covered": 100.0, "percent_covered_display": "100", "missing_lines": 0, "excluded_lines": 0}, "missing_lines": [], "excluded_lines": []}, "tests/test_app/migrations/__init__.py": {"executed_lines": [1], "summary": {"covered_lines": 0, "num_statements": 0, "percent_covered": 100.0, "percent_covered_display": "100", "missing_lines": 0, "excluded_lines": 0}, "missing_lines": [], "excluded_lines": []}, "tests/test_app/models.py": {"executed_lines": [1, 4, 5], "summary": {"covered_lines": 3, "num_statements": 3, "percent_covered": 100.0, "percent_covered_display": "100", "missing_lines": 0, "excluded_lines": 0}, "missing_lines": [], "excluded_lines": []}, "tests/test_app/settings.py": {"executed_lines": [1, 2, 5, 7, 9, 10, 11, 12, 13, 15, 29, 40, 47, 49, 66, 68], "summary": {"covered_lines": 16, "num_statements": 16, "percent_covered": 100.0, "percent_covered_display": "100", "missing_lines": 0, "excluded_lines": 0}, "missing_lines": [], "excluded_lines": []}, "tests/test_app/urls.py": {"executed_lines": [1, 4, 5, 7, 8, 9, 11], "summary": {"covered_lines": 6, "num_statements": 6, "percent_covered": 100.0, "percent_covered_display": "100", "missing_lines": 0, "excluded_lines": 0}, "missing_lines": [], "excluded_lines": []}, "tests/test_app/views.py": {"executed_lines": [1, 3, 4, 5, 6, 7, 8, 9, 12, 13, 15, 16, 17, 20, 21, 22, 24, 25, 26, 28, 29, 30, 31, 34, 35, 36, 38, 39, 44, 45, 46, 48, 55, 56, 57, 58, 60, 61, 62, 63, 64, 65, 66], "summary": {"covered_lines": 43, "num_statements": 46, "percent_covered": 93.47826086956522, "percent_covered_display": "93", "missing_lines": 3, "excluded_lines": 0}, "missing_lines": [40, 41, 49], "excluded_lines": []}}, "totals": {"covered_lines": 199, "num_statements": 210, "percent_covered": 94.76190476190476, "percent_covered_display": "95", "missing_lines": 11, "excluded_lines": 0}}